<?xml version="1.0" encoding="UTF-8"?><testrun name="Test (2)" project="mybatisdemo2" tests="4" started="4" failures="0" errors="1" ignored="0">
  <testsuite name="net.xinqushi.test.Test" time="0.515" displayname="Test" uniqueid="[engine:junit-jupiter]/[class:net.xinqushi.test.Test]">
    <testcase name="testDeleteStudent" classname="net.xinqushi.test.Test" time="0.422" displayname="testDeleteStudent()" uniqueid="[engine:junit-jupiter]/[class:net.xinqushi.test.Test]/[method:testDeleteStudent()]">
      <error>org.apache.ibatis.exceptions.PersistenceException: &#13;
### Error updating database.  Cause: com.mysql.jdbc.exceptions.jdbc4.MySQLIntegrityConstraintViolationException: Cannot delete or update a parent row: a foreign key constraint fails (`test`.`contact`, CONSTRAINT `sid` FOREIGN KEY (`sid`) REFERENCES `student` (`id`) ON DELETE NO ACTION)&#13;
### The error may involve net.xinqushi.model.StudentMapper.deleteStudent-Inline&#13;
### The error occurred while setting parameters&#13;
### SQL: delete from student where id=?&#13;
### Cause: com.mysql.jdbc.exceptions.jdbc4.MySQLIntegrityConstraintViolationException: Cannot delete or update a parent row: a foreign key constraint fails (`test`.`contact`, CONSTRAINT `sid` FOREIGN KEY (`sid`) REFERENCES `student` (`id`) ON DELETE NO ACTION)&#13;
	at org.apache.ibatis.exceptions.ExceptionFactory.wrapException(ExceptionFactory.java:30)&#13;
	at org.apache.ibatis.session.defaults.DefaultSqlSession.update(DefaultSqlSession.java:200)&#13;
	at org.apache.ibatis.session.defaults.DefaultSqlSession.delete(DefaultSqlSession.java:213)&#13;
	at org.apache.ibatis.binding.MapperMethod.execute(MapperMethod.java:67)&#13;
	at org.apache.ibatis.binding.MapperProxy.invoke(MapperProxy.java:59)&#13;
	at com.sun.proxy.$Proxy9.deleteStudent(Unknown Source)&#13;
	at net.xinqushi.test.Test.testDeleteStudent(Test.java:72)&#13;
	at sun.reflect.NativeMethodAccessorImpl.invoke0(Native Method)&#13;
	at sun.reflect.NativeMethodAccessorImpl.invoke(Unknown Source)&#13;
	at sun.reflect.DelegatingMethodAccessorImpl.invoke(Unknown Source)&#13;
	at java.lang.reflect.Method.invoke(Unknown Source)&#13;
	at org.junit.platform.commons.util.ReflectionUtils.invokeMethod(ReflectionUtils.java:389)&#13;
	at org.junit.jupiter.engine.execution.ExecutableInvoker.invoke(ExecutableInvoker.java:115)&#13;
	at org.junit.jupiter.engine.descriptor.TestMethodTestDescriptor.lambda$invokeTestMethod$6(TestMethodTestDescriptor.java:167)&#13;
	at org.junit.jupiter.engine.execution.ThrowableCollector.execute(ThrowableCollector.java:40)&#13;
	at org.junit.jupiter.engine.descriptor.TestMethodTestDescriptor.invokeTestMethod(TestMethodTestDescriptor.java:163)&#13;
	at org.junit.jupiter.engine.descriptor.TestMethodTestDescriptor.execute(TestMethodTestDescriptor.java:110)&#13;
	at org.junit.jupiter.engine.descriptor.TestMethodTestDescriptor.execute(TestMethodTestDescriptor.java:57)&#13;
	at org.junit.platform.engine.support.hierarchical.HierarchicalTestExecutor.lambda$execute$3(HierarchicalTestExecutor.java:83)&#13;
	at org.junit.platform.engine.support.hierarchical.SingleTestExecutor.executeSafely(SingleTestExecutor.java:66)&#13;
	at org.junit.platform.engine.support.hierarchical.HierarchicalTestExecutor.execute(HierarchicalTestExecutor.java:77)&#13;
	at org.junit.platform.engine.support.hierarchical.HierarchicalTestExecutor.lambda$null$2(HierarchicalTestExecutor.java:92)&#13;
	at java.util.stream.ForEachOps$ForEachOp$OfRef.accept(Unknown Source)&#13;
	at java.util.stream.ReferencePipeline$2$1.accept(Unknown Source)&#13;
	at java.util.Iterator.forEachRemaining(Unknown Source)&#13;
	at java.util.Spliterators$IteratorSpliterator.forEachRemaining(Unknown Source)&#13;
	at java.util.stream.AbstractPipeline.copyInto(Unknown Source)&#13;
	at java.util.stream.AbstractPipeline.wrapAndCopyInto(Unknown Source)&#13;
	at java.util.stream.ForEachOps$ForEachOp.evaluateSequential(Unknown Source)&#13;
	at java.util.stream.ForEachOps$ForEachOp$OfRef.evaluateSequential(Unknown Source)&#13;
	at java.util.stream.AbstractPipeline.evaluate(Unknown Source)&#13;
	at java.util.stream.ReferencePipeline.forEach(Unknown Source)&#13;
	at org.junit.platform.engine.support.hierarchical.HierarchicalTestExecutor.lambda$execute$3(HierarchicalTestExecutor.java:92)&#13;
	at org.junit.platform.engine.support.hierarchical.SingleTestExecutor.executeSafely(SingleTestExecutor.java:66)&#13;
	at org.junit.platform.engine.support.hierarchical.HierarchicalTestExecutor.execute(HierarchicalTestExecutor.java:77)&#13;
	at org.junit.platform.engine.support.hierarchical.HierarchicalTestExecutor.lambda$null$2(HierarchicalTestExecutor.java:92)&#13;
	at java.util.stream.ForEachOps$ForEachOp$OfRef.accept(Unknown Source)&#13;
	at java.util.stream.ReferencePipeline$2$1.accept(Unknown Source)&#13;
	at java.util.Iterator.forEachRemaining(Unknown Source)&#13;
	at java.util.Spliterators$IteratorSpliterator.forEachRemaining(Unknown Source)&#13;
	at java.util.stream.AbstractPipeline.copyInto(Unknown Source)&#13;
	at java.util.stream.AbstractPipeline.wrapAndCopyInto(Unknown Source)&#13;
	at java.util.stream.ForEachOps$ForEachOp.evaluateSequential(Unknown Source)&#13;
	at java.util.stream.ForEachOps$ForEachOp$OfRef.evaluateSequential(Unknown Source)&#13;
	at java.util.stream.AbstractPipeline.evaluate(Unknown Source)&#13;
	at java.util.stream.ReferencePipeline.forEach(Unknown Source)&#13;
	at org.junit.platform.engine.support.hierarchical.HierarchicalTestExecutor.lambda$execute$3(HierarchicalTestExecutor.java:92)&#13;
	at org.junit.platform.engine.support.hierarchical.SingleTestExecutor.executeSafely(SingleTestExecutor.java:66)&#13;
	at org.junit.platform.engine.support.hierarchical.HierarchicalTestExecutor.execute(HierarchicalTestExecutor.java:77)&#13;
	at org.junit.platform.engine.support.hierarchical.HierarchicalTestExecutor.execute(HierarchicalTestExecutor.java:51)&#13;
	at org.junit.platform.engine.support.hierarchical.HierarchicalTestEngine.execute(HierarchicalTestEngine.java:43)&#13;
	at org.junit.platform.launcher.core.DefaultLauncher.execute(DefaultLauncher.java:170)&#13;
	at org.junit.platform.launcher.core.DefaultLauncher.execute(DefaultLauncher.java:154)&#13;
	at org.junit.platform.launcher.core.DefaultLauncher.execute(DefaultLauncher.java:90)&#13;
	at org.eclipse.jdt.internal.junit5.runner.JUnit5TestReference.run(JUnit5TestReference.java:86)&#13;
	at org.eclipse.jdt.internal.junit.runner.TestExecution.run(TestExecution.java:38)&#13;
	at org.eclipse.jdt.internal.junit.runner.RemoteTestRunner.runTests(RemoteTestRunner.java:538)&#13;
	at org.eclipse.jdt.internal.junit.runner.RemoteTestRunner.runTests(RemoteTestRunner.java:760)&#13;
	at org.eclipse.jdt.internal.junit.runner.RemoteTestRunner.run(RemoteTestRunner.java:460)&#13;
	at org.eclipse.jdt.internal.junit.runner.RemoteTestRunner.main(RemoteTestRunner.java:206)&#13;
Caused by: com.mysql.jdbc.exceptions.jdbc4.MySQLIntegrityConstraintViolationException: Cannot delete or update a parent row: a foreign key constraint fails (`test`.`contact`, CONSTRAINT `sid` FOREIGN KEY (`sid`) REFERENCES `student` (`id`) ON DELETE NO ACTION)&#13;
	at sun.reflect.NativeConstructorAccessorImpl.newInstance0(Native Method)&#13;
	at sun.reflect.NativeConstructorAccessorImpl.newInstance(Unknown Source)&#13;
	at sun.reflect.DelegatingConstructorAccessorImpl.newInstance(Unknown Source)&#13;
	at java.lang.reflect.Constructor.newInstance(Unknown Source)&#13;
	at com.mysql.jdbc.Util.handleNewInstance(Util.java:425)&#13;
	at com.mysql.jdbc.Util.getInstance(Util.java:408)&#13;
	at com.mysql.jdbc.SQLError.createSQLException(SQLError.java:935)&#13;
	at com.mysql.jdbc.MysqlIO.checkErrorPacket(MysqlIO.java:3973)&#13;
	at com.mysql.jdbc.MysqlIO.checkErrorPacket(MysqlIO.java:3909)&#13;
	at com.mysql.jdbc.MysqlIO.sendCommand(MysqlIO.java:2527)&#13;
	at com.mysql.jdbc.MysqlIO.sqlQueryDirect(MysqlIO.java:2680)&#13;
	at com.mysql.jdbc.ConnectionImpl.execSQL(ConnectionImpl.java:2487)&#13;
	at com.mysql.jdbc.PreparedStatement.executeInternal(PreparedStatement.java:1858)&#13;
	at com.mysql.jdbc.PreparedStatement.execute(PreparedStatement.java:1197)&#13;
	at org.apache.ibatis.executor.statement.PreparedStatementHandler.update(PreparedStatementHandler.java:46)&#13;
	at org.apache.ibatis.executor.statement.RoutingStatementHandler.update(RoutingStatementHandler.java:74)&#13;
	at org.apache.ibatis.executor.SimpleExecutor.doUpdate(SimpleExecutor.java:50)&#13;
	at org.apache.ibatis.executor.BaseExecutor.update(BaseExecutor.java:117)&#13;
	at org.apache.ibatis.executor.CachingExecutor.update(CachingExecutor.java:76)&#13;
	at org.apache.ibatis.session.defaults.DefaultSqlSession.update(DefaultSqlSession.java:198)&#13;
	... 58 more&#13;
&#13;
</error>
    </testcase>
    <testcase name="testSelectOneContact" classname="net.xinqushi.test.Test" time="0.031" displayname="testSelectOneContact()" uniqueid="[engine:junit-jupiter]/[class:net.xinqushi.test.Test]/[method:testSelectOneContact()]"/>
    <testcase name="testInsert" classname="net.xinqushi.test.Test" time="0.031" displayname="testInsert()" uniqueid="[engine:junit-jupiter]/[class:net.xinqushi.test.Test]/[method:testInsert()]"/>
    <testcase name="testSelectOneStudent" classname="net.xinqushi.test.Test" time="0.031" displayname="testSelectOneStudent()" uniqueid="[engine:junit-jupiter]/[class:net.xinqushi.test.Test]/[method:testSelectOneStudent()]"/>
  </testsuite>
</testrun>
